<?xml version="1.0" encoding="UTF-8"?>
<testng-results ignored="0" total="1" passed="1" failed="0" skipped="0">
  <reporter-output>
  </reporter-output>
  <suite started-at="2022-09-19T12:51:20 IST" name="Default suite" finished-at="2022-09-19T12:51:31 IST" duration-ms="11041">
    <groups>
    </groups>
    <test started-at="2022-09-19T12:51:20 IST" name="Default test" finished-at="2022-09-19T12:51:31 IST" duration-ms="11041">
      <class name="com.test.linksVerifyfromDemowebsite">
        <test-method is-config="true" signature="beforeTest()[pri:0, instance:com.test.linksVerifyfromDemowebsite@56cdfb3b]" started-at="2022-09-19T12:51:20 IST" name="beforeTest" finished-at="2022-09-19T12:51:26 IST" duration-ms="5955" status="PASS">
          <reporter-output>
          </reporter-output>
        </test-method> <!-- beforeTest -->
        <test-method signature="Linksverify()[pri:1, instance:com.test.linksVerifyfromDemowebsite@56cdfb3b]" started-at="2022-09-19T12:51:26 IST" name="Linksverify" finished-at="2022-09-19T12:51:31 IST" duration-ms="4210" status="PASS">
          <reporter-output>
          </reporter-output>
        </test-method> <!-- Linksverify -->
        <test-method is-config="true" signature="afterTest()[pri:0, instance:com.test.linksVerifyfromDemowebsite@56cdfb3b]" started-at="2022-09-19T12:51:31 IST" name="afterTest" finished-at="2022-09-19T12:51:31 IST" duration-ms="757" status="PASS">
          <reporter-output>
          </reporter-output>
        </test-method> <!-- afterTest -->
      </class> <!-- com.test.linksVerifyfromDemowebsite -->
    </test> <!-- Default test -->
  </suite> <!-- Default suite -->
</testng-results>
