<?xml version="1.0" encoding="UTF-8"?>
<testng-results ignored="0" total="1" passed="1" failed="0" skipped="0">
  <reporter-output>
  </reporter-output>
  <suite started-at="2022-09-19T15:48:08 IST" name="Default suite" finished-at="2022-09-19T15:48:15 IST" duration-ms="6819">
    <groups>
    </groups>
    <test started-at="2022-09-19T15:48:08 IST" name="Default test" finished-at="2022-09-19T15:48:15 IST" duration-ms="6819">
      <class name="com.test.NewTest">
        <test-method is-config="true" signature="beforeTest()[pri:0, instance:com.test.NewTest@2805d709]" started-at="2022-09-19T15:48:08 IST" name="beforeTest" finished-at="2022-09-19T15:48:14 IST" duration-ms="6255" status="PASS">
          <reporter-output>
          </reporter-output>
        </test-method> <!-- beforeTest -->
        <test-method signature="gmailDeleteSocialDetails()[pri:0, instance:com.test.NewTest@2805d709]" started-at="2022-09-19T15:48:14 IST" name="gmailDeleteSocialDetails" finished-at="2022-09-19T15:48:15 IST" duration-ms="480" status="PASS">
          <reporter-output>
          </reporter-output>
        </test-method> <!-- gmailDeleteSocialDetails -->
        <test-method is-config="true" signature="afterTest()[pri:0, instance:com.test.NewTest@2805d709]" started-at="2022-09-19T15:48:15 IST" name="afterTest" finished-at="2022-09-19T15:48:15 IST" duration-ms="1" status="PASS">
          <reporter-output>
          </reporter-output>
        </test-method> <!-- afterTest -->
      </class> <!-- com.test.NewTest -->
    </test> <!-- Default test -->
  </suite> <!-- Default suite -->
</testng-results>
